# JRE version: OpenJDK Runtime Environment (8.0_312-b07) (build 1.8.0_312-b07)
# Java VM: OpenJDK 64-Bit Server VM (25.312-b07 mixed mode windows-amd64 compressed oops)
Heap:
 PSYoungGen      total 294400K, used 264874K [0x00000000d5f80000, 0x00000000e9f80000, 0x0000000100000000)
  eden space 279040K, 94% used [0x00000000d5f80000,0x00000000e622a948,0x00000000e7000000)
  from space 15360K, 0% used [0x00000000e8180000,0x00000000e8180000,0x00000000e9080000)
  to   space 12288K, 0% used [0x00000000e9380000,0x00000000e9380000,0x00000000e9f80000)
 ParOldGen       total 115712K, used 107201K [0x0000000081e00000, 0x0000000088f00000, 0x00000000d5f80000)
  object space 115712K, 92% used [0x0000000081e00000,0x00000000886b04f8,0x0000000088f00000)
 Metaspace       used 58904K, capacity 62090K, committed 62168K, reserved 1103872K
  class space    used 7921K, capacity 8653K, committed 8664K, reserved 1048576K
GC Heap History (10 events):
Event: 4.700 GC heap before
{Heap before GC invocations=10 (full 1):
 PSYoungGen      total 228352K, used 129695K [0x00000000d5f80000, 0x00000000e4b80000, 0x0000000100000000)
  eden space 218624K, 54% used [0x00000000d5f80000,0x00000000dd4a8a30,0x00000000e3500000)
  from space 9728K, 99% used [0x00000000e4200000,0x00000000e4b7f2d0,0x00000000e4b80000)
  to   space 11264K, 0% used [0x00000000e3580000,0x00000000e3580000,0x00000000e4080000)
 ParOldGen       total 53248K, used 8745K [0x0000000081e00000, 0x0000000085200000, 0x00000000d5f80000)
  object space 53248K, 16% used [0x0000000081e00000,0x000000008268a440,0x0000000085200000)
 Metaspace       used 33958K, capacity 35314K, committed 35416K, reserved 1079296K
  class space    used 4365K, capacity 4639K, committed 4696K, reserved 1048576K
Event: 4.710 GC heap after
Heap after GC invocations=10 (full 1):
 PSYoungGen      total 230400K, used 9715K [0x00000000d5f80000, 0x00000000e9f80000, 0x0000000100000000)
  eden space 219136K, 0% used [0x00000000d5f80000,0x00000000d5f80000,0x00000000e3580000)
  from space 11264K, 86% used [0x00000000e3580000,0x00000000e3efcd68,0x00000000e4080000)
  to   space 12288K, 0% used [0x00000000e9380000,0x00000000e9380000,0x00000000e9f80000)
 ParOldGen       total 53248K, used 8753K [0x0000000081e00000, 0x0000000085200000, 0x00000000d5f80000)
  object space 53248K, 16% used [0x0000000081e00000,0x000000008268c440,0x0000000085200000)
 Metaspace       used 33958K, capacity 35314K, committed 35416K, reserved 1079296K
  class space    used 4365K, capacity 4639K, committed 4696K, reserved 1048576K
}
Event: 4.710 GC heap before
{Heap before GC invocations=11 (full 2):
 PSYoungGen      total 230400K, used 9715K [0x00000000d5f80000, 0x00000000e9f80000, 0x0000000100000000)
  eden space 219136K, 0% used [0x00000000d5f80000,0x00000000d5f80000,0x00000000e3580000)
  from space 11264K, 86% used [0x00000000e3580000,0x00000000e3efcd68,0x00000000e4080000)
  to   space 12288K, 0% used [0x00000000e9380000,0x00000000e9380000,0x00000000e9f80000)
 ParOldGen       total 53248K, used 8753K [0x0000000081e00000, 0x0000000085200000, 0x00000000d5f80000)
  object space 53248K, 16% used [0x0000000081e00000,0x000000008268c440,0x0000000085200000)
 Metaspace       used 33958K, capacity 35314K, committed 35416K, reserved 1079296K
  class space    used 4365K, capacity 4639K, committed 4696K, reserved 1048576K
Event: 4.780 GC heap after
Heap after GC invocations=11 (full 2):
 PSYoungGen      total 230400K, used 0K [0x00000000d5f80000, 0x00000000e9f80000, 0x0000000100000000)
  eden space 219136K, 0% used [0x00000000d5f80000,0x00000000d5f80000,0x00000000e3580000)
  from space 11264K, 0% used [0x00000000e3580000,0x00000000e3580000,0x00000000e4080000)
  to   space 12288K, 0% used [0x00000000e9380000,0x00000000e9380000,0x00000000e9f80000)
 ParOldGen       total 81920K, used 14224K [0x0000000081e00000, 0x0000000086e00000, 0x00000000d5f80000)
  object space 81920K, 17% used [0x0000000081e00000,0x0000000082be40b8,0x0000000086e00000)
 Metaspace       used 33958K, capacity 35314K, committed 35416K, reserved 1079296K
  class space    used 4365K, capacity 4639K, committed 4696K, reserved 1048576K
}
Event: 7.120 GC heap before
{Heap before GC invocations=12 (full 2):
 PSYoungGen      total 230400K, used 219136K [0x00000000d5f80000, 0x00000000e9f80000, 0x0000000100000000)
  eden space 219136K, 100% used [0x00000000d5f80000,0x00000000e3580000,0x00000000e3580000)
  from space 11264K, 0% used [0x00000000e3580000,0x00000000e3580000,0x00000000e4080000)
  to   space 12288K, 0% used [0x00000000e9380000,0x00000000e9380000,0x00000000e9f80000)
 ParOldGen       total 81920K, used 14224K [0x0000000081e00000, 0x0000000086e00000, 0x00000000d5f80000)
  object space 81920K, 17% used [0x0000000081e00000,0x0000000082be40b8,0x0000000086e00000)
 Metaspace       used 49333K, capacity 51484K, committed 51672K, reserved 1093632K
  class space    used 6517K, capacity 7080K, committed 7128K, reserved 1048576K
Event: 7.137 GC heap after
Heap after GC invocations=12 (full 2):
 PSYoungGen      total 291328K, used 12276K [0x00000000d5f80000, 0x00000000e9f80000, 0x0000000100000000)
  eden space 279040K, 0% used [0x00000000d5f80000,0x00000000d5f80000,0x00000000e7000000)
  from space 12288K, 99% used [0x00000000e9380000,0x00000000e9f7d338,0x00000000e9f80000)
  to   space 15360K, 0% used [0x00000000e8180000,0x00000000e8180000,0x00000000e9080000)
 ParOldGen       total 81920K, used 19314K [0x0000000081e00000, 0x0000000086e00000, 0x00000000d5f80000)
  object space 81920K, 23% used [0x0000000081e00000,0x00000000830dc830,0x0000000086e00000)
 Metaspace       used 49333K, capacity 51484K, committed 51672K, reserved 1093632K
  class space    used 6517K, capacity 7080K, committed 7128K, reserved 1048576K
}
Event: 9.661 GC heap before
{Heap before GC invocations=13 (full 2):
 PSYoungGen      total 291328K, used 291316K [0x00000000d5f80000, 0x00000000e9f80000, 0x0000000100000000)
  eden space 279040K, 100% used [0x00000000d5f80000,0x00000000e7000000,0x00000000e7000000)
  from space 12288K, 99% used [0x00000000e9380000,0x00000000e9f7d338,0x00000000e9f80000)
  to   space 15360K, 0% used [0x00000000e8180000,0x00000000e8180000,0x00000000e9080000)
 ParOldGen       total 81920K, used 19314K [0x0000000081e00000, 0x0000000086e00000, 0x00000000d5f80000)
  object space 81920K, 23% used [0x0000000081e00000,0x00000000830dc830,0x0000000086e00000)
 Metaspace       used 54863K, capacity 57692K, committed 57944K, reserved 1099776K
  class space    used 7305K, capacity 7956K, committed 8024K, reserved 1048576K
Event: 9.798 GC heap after
Heap after GC invocations=13 (full 2):
 PSYoungGen      total 294400K, used 9706K [0x00000000d5f80000, 0x00000000e9f80000, 0x0000000100000000)
  eden space 279040K, 0% used [0x00000000d5f80000,0x00000000d5f80000,0x00000000e7000000)
  from space 15360K, 63% used [0x00000000e8180000,0x00000000e8afabf0,0x00000000e9080000)
  to   space 12288K, 0% used [0x00000000e9380000,0x00000000e9380000,0x00000000e9f80000)
 ParOldGen       total 115712K, used 104912K [0x0000000081e00000, 0x0000000088f00000, 0x00000000d5f80000)
  object space 115712K, 90% used [0x0000000081e00000,0x00000000884741d8,0x0000000088f00000)
 Metaspace       used 54863K, capacity 57692K, committed 57944K, reserved 1099776K
  class space    used 7305K, capacity 7956K, committed 8024K, reserved 1048576K
}
Event: 9.800 GC heap before
{Heap before GC invocations=14 (full 3):
 PSYoungGen      total 294400K, used 9706K [0x00000000d5f80000, 0x00000000e9f80000, 0x0000000100000000)
  eden space 279040K, 0% used [0x00000000d5f80000,0x00000000d5f80000,0x00000000e7000000)
  from space 15360K, 63% used [0x00000000e8180000,0x00000000e8afabf0,0x00000000e9080000)
  to   space 12288K, 0% used [0x00000000e9380000,0x00000000e9380000,0x00000000e9f80000)
 ParOldGen       total 115712K, used 104912K [0x0000000081e00000, 0x0000000088f00000, 0x00000000d5f80000)
  object space 115712K, 90% used [0x0000000081e00000,0x00000000884741d8,0x0000000088f00000)
 Metaspace       used 54863K, capacity 57692K, committed 57944K, reserved 1099776K
  class space    used 7305K, capacity 7956K, committed 8024K, reserved 1048576K
Event: 10.076 GC heap after
Heap after GC invocations=14 (full 3):
 PSYoungGen      total 294400K, used 0K [0x00000000d5f80000, 0x00000000e9f80000, 0x0000000100000000)
  eden space 279040K, 0% used [0x00000000d5f80000,0x00000000d5f80000,0x00000000e7000000)
  from space 15360K, 0% used [0x00000000e8180000,0x00000000e8180000,0x00000000e9080000)
  to   space 12288K, 0% used [0x00000000e9380000,0x00000000e9380000,0x00000000e9f80000)
 ParOldGen       total 115712K, used 107201K [0x0000000081e00000, 0x0000000088f00000, 0x00000000d5f80000)
  object space 115712K, 92% used [0x0000000081e00000,0x00000000886b04f8,0x0000000088f00000)
 Metaspace       used 54863K, capacity 57692K, committed 57944K, reserved 1099776K
  class space    used 7305K, capacity 7956K, committed 8024K, reserved 1048576K
}

